This is pdfTeX, Version 3.141592653-2.6-1.40.25 (MiKTeX 24.1) (preloaded format=pdflatex 2024.4.19)  19 APR 2024 11:22
entering extended mode
 restricted \write18 enabled.
 %&-line parsing enabled.
**./main.tex
(main.tex
LaTeX2e <2023-11-01> patch level 1
L3 programming layer <2024-01-04>
(C:\Program Files\MiKTeX\tex/latex/base\article.cls
Document Class: article 2023/05/17 v1.4n Standard LaTeX document class
(C:\Program Files\MiKTeX\tex/latex/base\size12.clo
File: size12.clo 2023/05/17 v1.4n Standard LaTeX file (size option)
)
\c@part=\count187
\c@section=\count188
\c@subsection=\count189
\c@subsubsection=\count190
\c@paragraph=\count191
\c@subparagraph=\count192
\c@figure=\count193
\c@table=\count194
\abovecaptionskip=\skip48
\belowcaptionskip=\skip49
\bibindent=\dimen140
)
(C:\Program Files\MiKTeX\tex/latex/base\inputenc.sty
Package: inputenc 2021/02/14 v1.3d Input encoding file
\inpenc@prehook=\toks17
\inpenc@posthook=\toks18
)
(C:\Users\gunsu\AppData\Roaming\MiKTeX\tex/latex/geometry\geometry.sty
Package: geometry 2020/01/02 v5.9 Page Geometry

(C:\Program Files\MiKTeX\tex/latex/graphics\keyval.sty
Package: keyval 2022/05/29 v1.15 key=value parser (DPC)
\KV@toks@=\toks19
)
(C:\Program Files\MiKTeX\tex/generic/iftex\ifvtex.sty
Package: ifvtex 2019/10/25 v1.7 ifvtex legacy package. Use iftex instead.

(C:\Program Files\MiKTeX\tex/generic/iftex\iftex.sty
Package: iftex 2022/02/03 v1.0f TeX engine tests
))
\Gm@cnth=\count195
\Gm@cntv=\count196
\c@Gm@tempcnt=\count197
\Gm@bindingoffset=\dimen141
\Gm@wd@mp=\dimen142
\Gm@odd@mp=\dimen143
\Gm@even@mp=\dimen144
\Gm@layoutwidth=\dimen145
\Gm@layoutheight=\dimen146
\Gm@layouthoffset=\dimen147
\Gm@layoutvoffset=\dimen148
\Gm@dimlist=\toks20

(C:\Users\gunsu\AppData\Roaming\MiKTeX\tex/latex/geometry\geometry.cfg))
(C:\Program Files\MiKTeX\tex/latex/amsmath\amsmath.sty
Package: amsmath 2023/05/13 v2.17o AMS math features
\@mathmargin=\skip50

For additional information on amsmath, use the `?' option.
(C:\Program Files\MiKTeX\tex/latex/amsmath\amstext.sty
Package: amstext 2021/08/26 v2.01 AMS text

(C:\Program Files\MiKTeX\tex/latex/amsmath\amsgen.sty
File: amsgen.sty 1999/11/30 v2.0 generic functions
\@emptytoks=\toks21
\ex@=\dimen149
))
(C:\Program Files\MiKTeX\tex/latex/amsmath\amsbsy.sty
Package: amsbsy 1999/11/29 v1.2d Bold Symbols
\pmbraise@=\dimen150
)
(C:\Program Files\MiKTeX\tex/latex/amsmath\amsopn.sty
Package: amsopn 2022/04/08 v2.04 operator names
)
\inf@bad=\count198
LaTeX Info: Redefining \frac on input line 234.
\uproot@=\count199
\leftroot@=\count266
LaTeX Info: Redefining \overline on input line 399.
LaTeX Info: Redefining \colon on input line 410.
\classnum@=\count267
\DOTSCASE@=\count268
LaTeX Info: Redefining \ldots on input line 496.
LaTeX Info: Redefining \dots on input line 499.
LaTeX Info: Redefining \cdots on input line 620.
\Mathstrutbox@=\box51
\strutbox@=\box52
LaTeX Info: Redefining \big on input line 722.
LaTeX Info: Redefining \Big on input line 723.
LaTeX Info: Redefining \bigg on input line 724.
LaTeX Info: Redefining \Bigg on input line 725.
\big@size=\dimen151
LaTeX Font Info:    Redeclaring font encoding OML on input line 743.
LaTeX Font Info:    Redeclaring font encoding OMS on input line 744.
\macc@depth=\count269
LaTeX Info: Redefining \bmod on input line 905.
LaTeX Info: Redefining \pmod on input line 910.
LaTeX Info: Redefining \smash on input line 940.
LaTeX Info: Redefining \relbar on input line 970.
LaTeX Info: Redefining \Relbar on input line 971.
\c@MaxMatrixCols=\count270
\dotsspace@=\muskip16
\c@parentequation=\count271
\dspbrk@lvl=\count272
\tag@help=\toks22
\row@=\count273
\column@=\count274
\maxfields@=\count275
\andhelp@=\toks23
\eqnshift@=\dimen152
\alignsep@=\dimen153
\tagshift@=\dimen154
\tagwidth@=\dimen155
\totwidth@=\dimen156
\lineht@=\dimen157
\@envbody=\toks24
\multlinegap=\skip51
\multlinetaggap=\skip52
\mathdisplay@stack=\toks25
LaTeX Info: Redefining \[ on input line 2953.
LaTeX Info: Redefining \] on input line 2954.
)
(C:\Program Files\MiKTeX\tex/latex/amsfonts\amssymb.sty
Package: amssymb 2013/01/14 v3.01 AMS font symbols

(C:\Program Files\MiKTeX\tex/latex/amsfonts\amsfonts.sty
Package: amsfonts 2013/01/14 v3.01 Basic AMSFonts support
\symAMSa=\mathgroup4
\symAMSb=\mathgroup5
LaTeX Font Info:    Redeclaring math symbol \hbar on input line 98.
LaTeX Font Info:    Overwriting math alphabet `\mathfrak' in version `bold'
(Font)                  U/euf/m/n --> U/euf/b/n on input line 106.
))
(C:\Users\gunsu\AppData\Roaming\MiKTeX\tex/latex/preprint\authblk.sty
Package: authblk 2001/02/27 1.3 (PWD)
\affilsep=\skip53
\@affilsep=\skip54
\c@Maxaffil=\count276
\c@authors=\count277
\c@affil=\count278
)
(C:\Program Files\MiKTeX\tex/latex/graphics\color.sty
Package: color 2022/01/06 v1.3d Standard LaTeX Color (DPC)

(C:\Program Files\MiKTeX\tex/latex/graphics-cfg\color.cfg
File: color.cfg 2016/01/02 v1.6 sample color configuration
)
Package color Info: Driver file: pdftex.def on input line 149.

(C:\Program Files\MiKTeX\tex/latex/graphics-def\pdftex.def
File: pdftex.def 2022/09/22 v1.2b Graphics/color driver for pdftex
)
(C:\Program Files\MiKTeX\tex/latex/graphics\mathcolor.ltx))
(C:\Program Files\MiKTeX\tex/latex/graphics\graphicx.sty
Package: graphicx 2021/09/16 v1.2d Enhanced LaTeX Graphics (DPC,SPQR)

(C:\Program Files\MiKTeX\tex/latex/graphics\graphics.sty
Package: graphics 2022/03/10 v1.4e Standard LaTeX Graphics (DPC,SPQR)

(C:\Program Files\MiKTeX\tex/latex/graphics\trig.sty
Package: trig 2021/08/11 v1.11 sin cos tan (DPC)
)
(C:\Program Files\MiKTeX\tex/latex/graphics-cfg\graphics.cfg
File: graphics.cfg 2016/06/04 v1.11 sample graphics configuration
)
Package graphics Info: Driver file: pdftex.def on input line 107.
)
\Gin@req@height=\dimen158
\Gin@req@width=\dimen159
)
(C:\Users\gunsu\AppData\Roaming\MiKTeX\tex/latex/tocbibind\tocbibind.sty
Package: tocbibind 2010/10/13 v1.5k extra ToC listings
Package tocbibind Info: The document has section divisions on input line 50.


Package tocbibind Note: Using section or other style headings.

) (C:\Program Files\MiKTeX\tex/latex/hyperref\hyperref.sty
Package: hyperref 2023-11-26 v7.01g Hypertext links for LaTeX

(C:\Users\gunsu\AppData\Roaming\MiKTeX\tex/generic/infwarerr\infwarerr.sty
Package: infwarerr 2019/12/03 v1.5 Providing info/warning/error messages (HO)
)
(C:\Users\gunsu\AppData\Roaming\MiKTeX\tex/latex/kvsetkeys\kvsetkeys.sty
Package: kvsetkeys 2022-10-05 v1.19 Key value parser (HO)
)
(C:\Users\gunsu\AppData\Roaming\MiKTeX\tex/generic/kvdefinekeys\kvdefinekeys.st
y
Package: kvdefinekeys 2019-12-19 v1.6 Define keys (HO)
) (C:\Users\gunsu\AppData\Roaming\MiKTeX\tex/generic/pdfescape\pdfescape.sty
Package: pdfescape 2019/12/09 v1.15 Implements pdfTeX's escape features (HO)

(C:\Users\gunsu\AppData\Roaming\MiKTeX\tex/generic/ltxcmds\ltxcmds.sty
Package: ltxcmds 2023-12-04 v1.26 LaTeX kernel commands for general use (HO)
)
(C:\Program Files\MiKTeX\tex/generic/pdftexcmds\pdftexcmds.sty
Package: pdftexcmds 2020-06-27 v0.33 Utility functions of pdfTeX for LuaTeX (HO
)
Package pdftexcmds Info: \pdf@primitive is available.
Package pdftexcmds Info: \pdf@ifprimitive is available.
Package pdftexcmds Info: \pdfdraftmode found.
))
(C:\Users\gunsu\AppData\Roaming\MiKTeX\tex/latex/hycolor\hycolor.sty
Package: hycolor 2020-01-27 v1.10 Color options for hyperref/bookmark (HO)
)
(C:\Users\gunsu\AppData\Roaming\MiKTeX\tex/latex/letltxmacro\letltxmacro.sty
Package: letltxmacro 2019/12/03 v1.6 Let assignment for LaTeX macros (HO)
)
(C:\Users\gunsu\AppData\Roaming\MiKTeX\tex/latex/auxhook\auxhook.sty
Package: auxhook 2019-12-17 v1.6 Hooks for auxiliary files (HO)
)
(C:\Program Files\MiKTeX\tex/latex/hyperref\nameref.sty
Package: nameref 2023-11-26 v2.56 Cross-referencing by name of section

(C:\Users\gunsu\AppData\Roaming\MiKTeX\tex/latex/refcount\refcount.sty
Package: refcount 2019/12/15 v3.6 Data extraction from label references (HO)
)
(C:\Users\gunsu\AppData\Roaming\MiKTeX\tex/generic/gettitlestring\gettitlestrin
g.sty
Package: gettitlestring 2019/12/15 v1.6 Cleanup title references (HO)
 (C:\Users\gunsu\AppData\Roaming\MiKTeX\tex/latex/kvoptions\kvoptions.sty
Package: kvoptions 2022-06-15 v3.15 Key value format for package options (HO)
))
\c@section@level=\count279
) (C:\Program Files\MiKTeX\tex/latex/etoolbox\etoolbox.sty
Package: etoolbox 2020/10/05 v2.5k e-TeX tools for LaTeX (JAW)
\etb@tempcnta=\count280
)
\@linkdim=\dimen160
\Hy@linkcounter=\count281
\Hy@pagecounter=\count282

(C:\Program Files\MiKTeX\tex/latex/hyperref\pd1enc.def
File: pd1enc.def 2023-11-26 v7.01g Hyperref: PDFDocEncoding definition (HO)
Now handling font encoding PD1 ...
... no UTF-8 mapping file for font encoding PD1
)
(C:\Users\gunsu\AppData\Roaming\MiKTeX\tex/generic/intcalc\intcalc.sty
Package: intcalc 2019/12/15 v1.3 Expandable calculations with integers (HO)
)
\Hy@SavedSpaceFactor=\count283

(C:\Program Files\MiKTeX\tex/latex/hyperref\puenc.def
File: puenc.def 2023-11-26 v7.01g Hyperref: PDF Unicode definition (HO)
Now handling font encoding PU ...
... no UTF-8 mapping file for font encoding PU
)
Package hyperref Info: Option `linktocpage' set `true' on input line 4064.
Package hyperref Info: Hyper figures OFF on input line 4181.
Package hyperref Info: Link nesting OFF on input line 4186.
Package hyperref Info: Hyper index ON on input line 4189.
Package hyperref Info: Plain pages OFF on input line 4196.
Package hyperref Info: Backreferencing OFF on input line 4201.
Package hyperref Info: Implicit mode ON; LaTeX internals redefined.
Package hyperref Info: Bookmarks ON on input line 4448.
\c@Hy@tempcnt=\count284

(C:\Program Files\MiKTeX\tex/latex/url\url.sty
\Urlmuskip=\muskip17
Package: url 2013/09/16  ver 3.4  Verb mode for urls, etc.
)
LaTeX Info: Redefining \url on input line 4786.
\XeTeXLinkMargin=\dimen161

(C:\Users\gunsu\AppData\Roaming\MiKTeX\tex/generic/bitset\bitset.sty
Package: bitset 2019/12/09 v1.3 Handle bit-vector datatype (HO)

(C:\Users\gunsu\AppData\Roaming\MiKTeX\tex/generic/bigintcalc\bigintcalc.sty
Package: bigintcalc 2019/12/15 v1.5 Expandable calculations on big integers (HO
)
))
\Fld@menulength=\count285
\Field@Width=\dimen162
\Fld@charsize=\dimen163
Package hyperref Info: Hyper figures OFF on input line 6065.
Package hyperref Info: Link nesting OFF on input line 6070.
Package hyperref Info: Hyper index ON on input line 6073.
Package hyperref Info: backreferencing OFF on input line 6080.
Package hyperref Info: Link coloring OFF on input line 6085.
Package hyperref Info: Link coloring with OCG OFF on input line 6090.
Package hyperref Info: PDF/A mode OFF on input line 6095.

(C:\Program Files\MiKTeX\tex/latex/base\atbegshi-ltx.sty
Package: atbegshi-ltx 2021/01/10 v1.0c Emulation of the original atbegshi
package with kernel methods
)
\Hy@abspage=\count286
\c@Item=\count287
\c@Hfootnote=\count288
)
Package hyperref Info: Driver (autodetected): hpdftex.

(C:\Program Files\MiKTeX\tex/latex/hyperref\hpdftex.def
File: hpdftex.def 2023-11-26 v7.01g Hyperref driver for pdfTeX

(C:\Program Files\MiKTeX\tex/latex/base\atveryend-ltx.sty
Package: atveryend-ltx 2020/08/19 v1.0a Emulation of the original atveryend pac
kage
with kernel methods
)
\Fld@listcount=\count289
\c@bookmark@seq@number=\count290

(C:\Users\gunsu\AppData\Roaming\MiKTeX\tex/latex/rerunfilecheck\rerunfilecheck.
sty
Package: rerunfilecheck 2022-07-10 v1.10 Rerun checks for auxiliary files (HO)

(C:\Users\gunsu\AppData\Roaming\MiKTeX\tex/generic/uniquecounter\uniquecounter.
sty
Package: uniquecounter 2019/12/15 v1.4 Provide unlimited unique counter (HO)
)
Package uniquecounter Info: New unique counter `rerunfilecheck' on input line 2
85.
)
\Hy@SectionHShift=\skip55
)
Package hyperref Info: Option `linktocpage' set `true' on input line 20.
Package hyperref Info: Option `colorlinks' set `true' on input line 20.
 (C:\Program Files\MiKTeX\tex/latex/l3backend\l3backend-pdftex.def
File: l3backend-pdftex.def 2024-01-04 L3 backend support: PDF output (pdfTeX)
\l__color_backend_stack_int=\count291
\l__pdf_internal_box=\box53
)
(main.aux)
\openout1 = `main.aux'.

LaTeX Font Info:    Checking defaults for OML/cmm/m/it on input line 71.
LaTeX Font Info:    ... okay on input line 71.
LaTeX Font Info:    Checking defaults for OMS/cmsy/m/n on input line 71.
LaTeX Font Info:    ... okay on input line 71.
LaTeX Font Info:    Checking defaults for OT1/cmr/m/n on input line 71.
LaTeX Font Info:    ... okay on input line 71.
LaTeX Font Info:    Checking defaults for T1/cmr/m/n on input line 71.
LaTeX Font Info:    ... okay on input line 71.
LaTeX Font Info:    Checking defaults for TS1/cmr/m/n on input line 71.
LaTeX Font Info:    ... okay on input line 71.
LaTeX Font Info:    Checking defaults for OMX/cmex/m/n on input line 71.
LaTeX Font Info:    ... okay on input line 71.
LaTeX Font Info:    Checking defaults for U/cmr/m/n on input line 71.
LaTeX Font Info:    ... okay on input line 71.
LaTeX Font Info:    Checking defaults for PD1/pdf/m/n on input line 71.
LaTeX Font Info:    ... okay on input line 71.
LaTeX Font Info:    Checking defaults for PU/pdf/m/n on input line 71.
LaTeX Font Info:    ... okay on input line 71.

*geometry* driver: auto-detecting
*geometry* detected driver: pdftex
*geometry* verbose mode - [ preamble ] result:
* driver: pdftex
* paper: <default>
* layout: <same size as paper>
* layoutoffset:(h,v)=(0.0pt,0.0pt)
* modes: includefoot 
* h-part:(L,W,R)=(65.04256pt, 469.75499pt, 79.49745pt)
* v-part:(T,H,B)=(86.72377pt, 632.36249pt, 75.88373pt)
* \paperwidth=614.295pt
* \paperheight=794.96999pt
* \textwidth=469.75499pt
* \textheight=602.36249pt
* \oddsidemargin=-7.22743pt
* \evensidemargin=-7.22743pt
* \topmargin=-22.54622pt
* \headheight=12.0pt
* \headsep=25.0pt
* \topskip=12.0pt
* \footskip=30.0pt
* \marginparwidth=44.0pt
* \marginparsep=10.0pt
* \columnsep=10.0pt
* \skip\footins=10.8pt plus 4.0pt minus 2.0pt
* \hoffset=0.0pt
* \voffset=0.0pt
* \mag=1000
* \@twocolumnfalse
* \@twosidefalse
* \@mparswitchfalse
* \@reversemarginfalse
* (1in=72.27pt=25.4mm, 1cm=28.453pt)

(C:\Program Files\MiKTeX\tex/context/base/mkii\supp-pdf.mkii
[Loading MPS to PDF converter (version 2006.09.02).]
\scratchcounter=\count292
\scratchdimen=\dimen164
\scratchbox=\box54
\nofMPsegments=\count293
\nofMParguments=\count294
\everyMPshowfont=\toks26
\MPscratchCnt=\count295
\MPscratchDim=\dimen165
\MPnumerator=\count296
\makeMPintoPDFobject=\count297
\everyMPtoPDFconversion=\toks27
) (C:\Program Files\MiKTeX\tex/latex/epstopdf-pkg\epstopdf-base.sty
Package: epstopdf-base 2020-01-24 v2.11 Base part for package epstopdf
Package epstopdf-base Info: Redefining graphics rule for `.eps' on input line 4
85.

(C:\Program Files\MiKTeX\tex/latex/00miktex\epstopdf-sys.cfg
File: epstopdf-sys.cfg 2021/03/18 v2.0 Configuration of epstopdf for MiKTeX
))
Package hyperref Info: Link coloring ON on input line 71.
 (main.out)
(main.out)
\@outlinefile=\write3
\openout3 = `main.out'.

LaTeX Font Info:    Trying to load font information for U+msa on input line 74.

 (C:\Program Files\MiKTeX\tex/latex/amsfonts\umsa.fd
File: umsa.fd 2013/01/14 v3.01 AMS symbols A
)
LaTeX Font Info:    Trying to load font information for U+msb on input line 74.


(C:\Program Files\MiKTeX\tex/latex/amsfonts\umsb.fd
File: umsb.fd 2013/01/14 v3.01 AMS symbols B
)
<man_on_wheels.jpg, id=64, 489.5088pt x 736.1904pt>
File: man_on_wheels.jpg Graphic file (type jpg)
<use man_on_wheels.jpg>
Package pdftex.def Info: man_on_wheels.jpg  used on input line 77.
(pdftex.def)             Requested size: 140.92792pt x 211.93954pt.
 [1

{C:/Users/gunsu/AppData/Local/MiKTeX/fonts/map/pdftex/pdftex.map} <./man_on_whe
els.jpg>] (main.toc)
\tf@toc=\write4
\openout4 = `main.toc'.


[2]
pdfTeX warning (ext4): destination with the same identifier (name{page.1}) has 
been already used, duplicate ignored
<to be read again> 
                   \relax 
l.190 \end{equation}
                     [1]

LaTeX Warning: Reference `fig:1' on page 2 undefined on input line 301.


LaTeX Warning: Reference `fig:2' on page 2 undefined on input line 301.


LaTeX Warning: Reference `app:zero-input-sim' on page 2 undefined on input line
 301.


pdfTeX warning (ext4): destination with the same identifier (name{page.2}) has 
been already used, duplicate ignored
<to be read again> 
                   \relax 
l.303 \subsection
                 {State-space model simulations with step input} [2]

LaTeX Warning: Reference `sec:sim-no-input' on page 3 undefined on input line 3
04.


LaTeX Warning: Reference `fig:3' on page 3 undefined on input line 304.


LaTeX Warning: Reference `fig:4' on page 3 undefined on input line 304.


LaTeX Warning: Reference `fig:5' on page 3 undefined on input line 304.


LaTeX Warning: Reference `app:controllability' on page 3 undefined on input lin
e 310.

[3] [4] [5]

LaTeX Warning: Reference `sec:ocf' on page 6 undefined on input line 537.


LaTeX Warning: Reference `sec:ccf' on page 6 undefined on input line 537.

[6] [7]

LaTeX Warning: Reference `app:state-feedback' on page 8 undefined on input line
 622.


LaTeX Warning: Reference `fig:6' on page 8 undefined on input line 622.


LaTeX Warning: Reference `fig:7' on page 8 undefined on input line 622.


LaTeX Warning: Reference `fig:8' on page 8 undefined on input line 622.


LaTeX Warning: Reference `app:observer_control' on page 8 undefined on input li
ne 646.


LaTeX Warning: Reference `fig:observer_sim_first' on page 8 undefined on input 
line 646.


LaTeX Warning: Reference `fig:observer_sim_last' on page 8 undefined on input l
ine 646.

[8]

LaTeX Warning: Reference `app:lqr' on page 9 undefined on input line 692.


LaTeX Warning: Reference `fig:lqr1' on page 9 undefined on input line 692.


LaTeX Warning: Reference `fig:lqr2' on page 9 undefined on input line 692.


LaTeX Warning: Reference `fig:lqr3' on page 9 undefined on input line 692.


LaTeX Warning: Reference `fig:lqr4' on page 9 undefined on input line 692.

[9] [10] [11] [12] [13] [14]
Overfull \hbox (61.29527pt too wide) in paragraph at lines 930--930
[]\OT1/cmtt/m/n/12 obsv_theta_and_w = [C_theta_and_w;C_theta_and_w*A;C_theta_an
d_w*A^2;C_theta_and_w*A^3][] 
 []

[15] [16]
Overfull \hbox (36.59526pt too wide) in paragraph at lines 1038--1038
[]\OT1/cmtt/m/n/12 [     40*p12 + 10*p14, p11 + 20*p22 + 5*p24, 20*p23 + 5*p34,
 p13 + 20*p24 + 5*p44][] 
 []


Overfull \hbox (36.59526pt too wide) in paragraph at lines 1038--1038
[]\OT1/cmtt/m/n/12 [p11 + 20*p22 + 5*p24,                2*p12,            p13,
            p14 + p23][] 
 []


Overfull \hbox (36.59526pt too wide) in paragraph at lines 1038--1038
[]\OT1/cmtt/m/n/12 [      20*p23 + 5*p34,                  p13,              0,
                  p33][] 
 []


Overfull \hbox (36.59526pt too wide) in paragraph at lines 1038--1038
[]\OT1/cmtt/m/n/12 [p13 + 20*p24 + 5*p44,            p14 + p23,            p33,
                2*p34][] 
 []

LaTeX Font Info:    Trying to load font information for TS1+cmtt on input line 
1038.
(C:\Program Files\MiKTeX\tex/latex/base\ts1cmtt.fd
File: ts1cmtt.fd 2023/04/13 v2.5m Standard LaTeX font definitions
) [17] [18] [19] [20]
[21] [22] [23] [24] [25] [26] [27] [28] [29] [30] [31] [32]
<w_open_loop.png, id=320, 421.575pt x 316.3017pt>
File: w_open_loop.png Graphic file (type png)
<use w_open_loop.png>
Package pdftex.def Info: w_open_loop.png  used on input line 1653.
(pdftex.def)             Requested size: 281.85585pt x 211.477pt.
<theta_open_loop.png, id=321, 421.575pt x 316.3017pt>
File: theta_open_loop.png Graphic file (type png)
<use theta_open_loop.png>
Package pdftex.def Info: theta_open_loop.png  used on input line 1660.
(pdftex.def)             Requested size: 281.85585pt x 211.477pt.
<w_open_loop_step_input.png, id=322, 421.575pt x 316.3017pt>
File: w_open_loop_step_input.png Graphic file (type png)
<use w_open_loop_step_input.png>
Package pdftex.def Info: w_open_loop_step_input.png  used on input line 1667.
(pdftex.def)             Requested size: 281.85585pt x 211.477pt.
<theta_open_loop_step_input.png, id=323, 421.575pt x 316.3017pt>
File: theta_open_loop_step_input.png Graphic file (type png)
<use theta_open_loop_step_input.png>
Package pdftex.def Info: theta_open_loop_step_input.png  used on input line 167
4.
(pdftex.def)             Requested size: 281.85585pt x 211.477pt.
<nonlinear_zero_vs_step_w.png, id=324, 421.575pt x 316.3017pt>
File: nonlinear_zero_vs_step_w.png Graphic file (type png)
<use nonlinear_zero_vs_step_w.png>
Package pdftex.def Info: nonlinear_zero_vs_step_w.png  used on input line 1681.

(pdftex.def)             Requested size: 281.85585pt x 211.477pt.
<state_feedback_1.png, id=325, 421.575pt x 316.3017pt>
File: state_feedback_1.png Graphic file (type png)
<use state_feedback_1.png>
Package pdftex.def Info: state_feedback_1.png  used on input line 1688.
(pdftex.def)             Requested size: 281.85585pt x 211.477pt.
<state_feedback_2.png, id=326, 421.575pt x 316.3017pt>
File: state_feedback_2.png Graphic file (type png)
<use state_feedback_2.png>
Package pdftex.def Info: state_feedback_2.png  used on input line 1695.
(pdftex.def)             Requested size: 281.85585pt x 211.477pt.
<state_feedback_3.png, id=327, 421.575pt x 316.3017pt>
File: state_feedback_3.png Graphic file (type png)
<use state_feedback_3.png>
Package pdftex.def Info: state_feedback_3.png  used on input line 1702.
(pdftex.def)             Requested size: 281.85585pt x 211.477pt.
<single_output_observer/fig1.png, id=328, 421.575pt x 316.3017pt>
File: single_output_observer/fig1.png Graphic file (type png)
<use single_output_observer/fig1.png>
Package pdftex.def Info: single_output_observer/fig1.png  used on input line 17
09.
(pdftex.def)             Requested size: 281.85585pt x 211.477pt.
<single_output_observer/fig2.png, id=329, 421.575pt x 316.3017pt>
File: single_output_observer/fig2.png Graphic file (type png)
<use single_output_observer/fig2.png>
Package pdftex.def Info: single_output_observer/fig2.png  used on input line 17
16.
(pdftex.def)             Requested size: 281.85585pt x 211.477pt.
<single_output_observer/fig3.png, id=330, 421.575pt x 316.3017pt>
File: single_output_observer/fig3.png Graphic file (type png)
<use single_output_observer/fig3.png>
Package pdftex.def Info: single_output_observer/fig3.png  used on input line 17
22.
(pdftex.def)             Requested size: 281.85585pt x 211.477pt.
<single_output_observer/fig4.png, id=331, 421.575pt x 316.3017pt>
File: single_output_observer/fig4.png Graphic file (type png)
<use single_output_observer/fig4.png>
Package pdftex.def Info: single_output_observer/fig4.png  used on input line 17
28.
(pdftex.def)             Requested size: 281.85585pt x 211.477pt.
<single_output_observer/fig5.png, id=332, 421.575pt x 316.3017pt>
File: single_output_observer/fig5.png Graphic file (type png)
<use single_output_observer/fig5.png>
Package pdftex.def Info: single_output_observer/fig5.png  used on input line 17
34.
(pdftex.def)             Requested size: 281.85585pt x 211.477pt.
<single_output_observer/fig6.png, id=333, 421.575pt x 316.3017pt>
File: single_output_observer/fig6.png Graphic file (type png)
<use single_output_observer/fig6.png>
Package pdftex.def Info: single_output_observer/fig6.png  used on input line 17
40.
(pdftex.def)             Requested size: 281.85585pt x 211.477pt.
<single_output_observer/fig7.png, id=334, 421.575pt x 316.3017pt>
File: single_output_observer/fig7.png Graphic file (type png)
<use single_output_observer/fig7.png>
Package pdftex.def Info: single_output_observer/fig7.png  used on input line 17
46.
(pdftex.def)             Requested size: 281.85585pt x 211.477pt.
<single_output_observer/fig8.png, id=335, 421.575pt x 316.3017pt>
File: single_output_observer/fig8.png Graphic file (type png)
<use single_output_observer/fig8.png>
Package pdftex.def Info: single_output_observer/fig8.png  used on input line 17
52.
(pdftex.def)             Requested size: 281.85585pt x 211.477pt.
<single_output_observer/fig9.png, id=336, 421.575pt x 316.3017pt>
File: single_output_observer/fig9.png Graphic file (type png)
<use single_output_observer/fig9.png>
Package pdftex.def Info: single_output_observer/fig9.png  used on input line 17
58.
(pdftex.def)             Requested size: 281.85585pt x 211.477pt.
<single_output_observer/fig10.png, id=337, 421.575pt x 316.3017pt>
File: single_output_observer/fig10.png Graphic file (type png)
<use single_output_observer/fig10.png>
Package pdftex.def Info: single_output_observer/fig10.png  used on input line 1
764.
(pdftex.def)             Requested size: 281.85585pt x 211.477pt.
<single_output_observer/fig11.png, id=338, 421.575pt x 316.3017pt>
File: single_output_observer/fig11.png Graphic file (type png)
<use single_output_observer/fig11.png>
Package pdftex.def Info: single_output_observer/fig11.png  used on input line 1
770.
(pdftex.def)             Requested size: 281.85585pt x 211.477pt.
<single_output_observer/fig12.png, id=339, 421.575pt x 316.3017pt>
File: single_output_observer/fig12.png Graphic file (type png)
<use single_output_observer/fig12.png>
Package pdftex.def Info: single_output_observer/fig12.png  used on input line 1
776.
(pdftex.def)             Requested size: 281.85585pt x 211.477pt.
<double_output_observer/fig1.png, id=340, 421.575pt x 316.3017pt>
File: double_output_observer/fig1.png Graphic file (type png)
<use double_output_observer/fig1.png>
Package pdftex.def Info: double_output_observer/fig1.png  used on input line 17
82.
(pdftex.def)             Requested size: 281.85585pt x 211.477pt.
<double_output_observer/fig2.png, id=341, 421.575pt x 316.3017pt>
File: double_output_observer/fig2.png Graphic file (type png)
<use double_output_observer/fig2.png>
Package pdftex.def Info: double_output_observer/fig2.png  used on input line 17
88.
(pdftex.def)             Requested size: 281.85585pt x 211.477pt.
<double_output_observer/fig3.png, id=342, 421.575pt x 316.3017pt>
File: double_output_observer/fig3.png Graphic file (type png)
<use double_output_observer/fig3.png>
Package pdftex.def Info: double_output_observer/fig3.png  used on input line 17
94.
(pdftex.def)             Requested size: 281.85585pt x 211.477pt.
<double_output_observer/fig4.png, id=343, 421.575pt x 316.3017pt>
File: double_output_observer/fig4.png Graphic file (type png)
<use double_output_observer/fig4.png>
Package pdftex.def Info: double_output_observer/fig4.png  used on input line 18
00.
(pdftex.def)             Requested size: 281.85585pt x 211.477pt.
<double_output_observer/fig5.png, id=344, 421.575pt x 316.3017pt>
File: double_output_observer/fig5.png Graphic file (type png)
<use double_output_observer/fig5.png>
Package pdftex.def Info: double_output_observer/fig5.png  used on input line 18
06.
(pdftex.def)             Requested size: 281.85585pt x 211.477pt.
<double_output_observer/fig6.png, id=345, 421.575pt x 316.3017pt>
File: double_output_observer/fig6.png Graphic file (type png)
<use double_output_observer/fig6.png>
Package pdftex.def Info: double_output_observer/fig6.png  used on input line 18
12.
(pdftex.def)             Requested size: 281.85585pt x 211.477pt.
<double_output_observer/fig7.png, id=346, 421.575pt x 316.3017pt>
File: double_output_observer/fig7.png Graphic file (type png)
<use double_output_observer/fig7.png>
Package pdftex.def Info: double_output_observer/fig7.png  used on input line 18
18.
(pdftex.def)             Requested size: 281.85585pt x 211.477pt.
<double_output_observer/fig8.png, id=347, 421.575pt x 316.3017pt>
File: double_output_observer/fig8.png Graphic file (type png)
<use double_output_observer/fig8.png>
Package pdftex.def Info: double_output_observer/fig8.png  used on input line 18
24.
(pdftex.def)             Requested size: 281.85585pt x 211.477pt.
<double_output_observer/fig9.png, id=348, 421.575pt x 316.3017pt>
File: double_output_observer/fig9.png Graphic file (type png)
<use double_output_observer/fig9.png>
Package pdftex.def Info: double_output_observer/fig9.png  used on input line 18
30.
(pdftex.def)             Requested size: 281.85585pt x 211.477pt.
<double_output_observer/fig10.png, id=349, 421.575pt x 316.3017pt>
File: double_output_observer/fig10.png Graphic file (type png)
<use double_output_observer/fig10.png>
Package pdftex.def Info: double_output_observer/fig10.png  used on input line 1
836.
(pdftex.def)             Requested size: 281.85585pt x 211.477pt.
<double_output_observer/fig11.png, id=350, 421.575pt x 316.3017pt>
File: double_output_observer/fig11.png Graphic file (type png)
<use double_output_observer/fig11.png>
Package pdftex.def Info: double_output_observer/fig11.png  used on input line 1
842.
(pdftex.def)             Requested size: 281.85585pt x 211.477pt.
<double_output_observer/fig12.png, id=351, 421.575pt x 316.3017pt>
File: double_output_observer/fig12.png Graphic file (type png)
<use double_output_observer/fig12.png>
Package pdftex.def Info: double_output_observer/fig12.png  used on input line 1
848.
(pdftex.def)             Requested size: 281.85585pt x 211.477pt.
<lqr/lqr_1.png, id=352, 526.96875pt x 395.22656pt>
File: lqr/lqr_1.png Graphic file (type png)
<use lqr/lqr_1.png>
Package pdftex.def Info: lqr/lqr_1.png  used on input line 1855.
(pdftex.def)             Requested size: 281.85585pt x 211.39888pt.
<lqr/lqr_2.png, id=353, 526.96875pt x 395.22656pt>
File: lqr/lqr_2.png Graphic file (type png)
<use lqr/lqr_2.png>
Package pdftex.def Info: lqr/lqr_2.png  used on input line 1862.
(pdftex.def)             Requested size: 281.85585pt x 211.39888pt.
<lqr/lqr_3.png, id=354, 526.96875pt x 395.22656pt>
File: lqr/lqr_3.png Graphic file (type png)
<use lqr/lqr_3.png>
Package pdftex.def Info: lqr/lqr_3.png  used on input line 1869.
(pdftex.def)             Requested size: 281.85585pt x 211.39888pt.
<lqr/lqr_4.png, id=355, 526.96875pt x 395.22656pt>
File: lqr/lqr_4.png Graphic file (type png)
<use lqr/lqr_4.png>
Package pdftex.def Info: lqr/lqr_4.png  used on input line 1876.
(pdftex.def)             Requested size: 281.85585pt x 211.39888pt.
 [33 <./w_open_loop.png (PNG copy)> <./theta_open_loop.png (PNG copy)>] [34 <./
w_open_loop_step_input.png (PNG copy)> <./theta_open_loop_step_input.png (PNG c
opy)>] [35 <./nonlinear_zero_vs_step_w.png (PNG copy)> <./state_feedback_1.png 
(PNG copy)>]
[36 <./state_feedback_2.png (PNG copy)> <./state_feedback_3.png (PNG copy)>]
[37 <./single_output_observer/fig1.png (PNG copy)> <./single_output_observer/fi
g2.png (PNG copy)>] [38 <./single_output_observer/fig3.png (PNG copy)> <./singl
e_output_observer/fig4.png (PNG copy)>] [39 <./single_output_observer/fig5.png 
(PNG copy)> <./single_output_observer/fig6.png (PNG copy)>] [40 <./single_outpu
t_observer/fig7.png (PNG copy)> <./single_output_observer/fig8.png (PNG copy)>]
[41 <./single_output_observer/fig9.png (PNG copy)> <./single_output_observer/fi
g10.png (PNG copy)>] [42 <./single_output_observer/fig11.png (PNG copy)> <./sin
gle_output_observer/fig12.png (PNG copy)>] [43 <./double_output_observer/fig1.p
ng (PNG copy)> <./double_output_observer/fig2.png (PNG copy)>] [44 <./double_ou
tput_observer/fig3.png (PNG copy)> <./double_output_observer/fig4.png (PNG copy
)>] [45 <./double_output_observer/fig5.png (PNG copy)> <./double_output_observe
r/fig6.png (PNG copy)>] [46 <./double_output_observer/fig7.png (PNG copy)> <./d
ouble_output_observer/fig8.png (PNG copy)>] [47 <./double_output_observer/fig9.
png (PNG copy)> <./double_output_observer/fig10.png (PNG copy)>] [48 <./double_
output_observer/fig11.png (PNG copy)> <./double_output_observer/fig12.png (PNG 
copy)>] [49 <./lqr/lqr_1.png (PNG copy)> <./lqr/lqr_2.png (PNG copy)>] [50 <./l
qr/lqr_3.png (PNG copy)> <./lqr/lqr_4.png (PNG copy)>] (main.aux)
 ***********
LaTeX2e <2023-11-01> patch level 1
L3 programming layer <2024-01-04>
 ***********


LaTeX Warning: There were undefined references.


LaTeX Warning: Label(s) may have changed. Rerun to get cross-references right.

Package rerunfilecheck Info: File `main.out' has not changed.
(rerunfilecheck)             Checksum: E17B0A1071C41FE2FA1119EA4225A9D4;2788.
 ) 
Here is how much of TeX's memory you used:
 10916 strings out of 474486
 169605 string characters out of 5753570
 1949542 words of memory out of 5000000
 32872 multiletter control sequences out of 15000+600000
 570641 words of font info for 85 fonts, out of 8000000 for 9000
 1141 hyphenation exceptions out of 8191
 75i,15n,79p,538b,600s stack positions out of 10000i,1000n,20000p,200000b,200000s
 <C:\Users\gunsu\AppData\Local\MiKTeX\fonts/pk/ljfour/jknappen/ec/dpi600\tctt
1200.pk> <C:\Users\gunsu\AppData\Local\MiKTeX\fonts/pk/ljfour/jknappen/ec/dpi60
0\tcrm0700.pk> <C:\Users\gunsu\AppData\Local\MiKTeX\fonts/pk/ljfour/jknappen/ec
/dpi600\tcrm1000.pk><C:/Program Files/MiKTeX/fonts/type1/public/amsfonts/cm/cmb
x10.pfb><C:/Program Files/MiKTeX/fonts/type1/public/amsfonts/cm/cmbx12.pfb><C:/
Program Files/MiKTeX/fonts/type1/public/amsfonts/cm/cmex10.pfb><C:/Program File
s/MiKTeX/fonts/type1/public/amsfonts/cm/cmmi10.pfb><C:/Program Files/MiKTeX/fon
ts/type1/public/amsfonts/cm/cmmi12.pfb><C:/Program Files/MiKTeX/fonts/type1/pub
lic/amsfonts/cm/cmmi8.pfb><C:/Program Files/MiKTeX/fonts/type1/public/amsfonts/
cm/cmr10.pfb><C:/Program Files/MiKTeX/fonts/type1/public/amsfonts/cm/cmr12.pfb>
<C:/Program Files/MiKTeX/fonts/type1/public/amsfonts/cm/cmr17.pfb><C:/Program F
iles/MiKTeX/fonts/type1/public/amsfonts/cm/cmr6.pfb><C:/Program Files/MiKTeX/fo
nts/type1/public/amsfonts/cm/cmr8.pfb><C:/Program Files/MiKTeX/fonts/type1/publ
ic/amsfonts/cm/cmsy10.pfb><C:/Program Files/MiKTeX/fonts/type1/public/amsfonts/
cm/cmsy8.pfb><C:/Program Files/MiKTeX/fonts/type1/public/amsfonts/cm/cmtt10.pfb
><C:/Program Files/MiKTeX/fonts/type1/public/amsfonts/cm/cmtt12.pfb>
Output written on main.pdf (52 pages, 2578282 bytes).
PDF statistics:
 583 PDF objects out of 1000 (max. 8388607)
 184 named destinations out of 1000 (max. 500000)
 306 words of extra memory for PDF output out of 10000 (max. 10000000)

